<?xml version="1.0" encoding="UTF-8"?>
<!-- Generated by org.testng.reporters.JUnitXMLReporter -->
<testsuite ignored="0" hostname="DESKTOP-3UBMRI7" failures="0" tests="3" name="Default test" time="13.358" errors="0" timestamp="2026-06-15T20:27:51 IST">
  <testcase classname="TestClass.LoginPageTest" name="loginPageTitleTest" time="0.036"/>
  <testcase classname="TestClass.LoginPageTest" name="sleekBillLogoTest" time="0.1"/>
  <testcase classname="TestClass.LoginPageTest" name="loginTest" time="0.571"/>
</testsuite> <!-- Default test -->
