<?xml version="1.0" encoding="UTF-8"?>
<!-- Generated by org.testng.reporters.JUnitXMLReporter -->
<testsuite ignored="1" hostname="DESKTOP-3UBMRI7" failures="0" tests="2" name="Default test" time="10.278" errors="0" timestamp="2026-02-17T18:18:58 IST">
  <testcase classname="TestClass.SleekBillTest" name="LogTest" time="0.494"/>
  <testcase classname="TestClass.SleekBillTest" name="ProductTest" time="3.7"/>
  <testcase classname="TestClass.SleekBillTest" name="ClientTest" time="0.0">
    <ignored/>
  </testcase> <!-- ClientTest -->
</testsuite> <!-- Default test -->
