<?xml version="1.0" encoding="UTF-8"?>
<testng-results ignored="0" total="1" passed="1" failed="0" skipped="0">
  <reporter-output>
  </reporter-output>
  <suite started-at="2026-01-12T23:06:25 IST" name="Default suite" finished-at="2026-01-12T23:11:39 IST" duration-ms="313622">
    <groups>
    </groups>
    <test started-at="2026-01-12T23:06:25 IST" name="Default test" finished-at="2026-01-12T23:11:39 IST" duration-ms="313622">
      <class name="crm.test.TestData">
        <test-method is-config="true" signature="setUp()[pri:0, instance:crm.test.TestData@5bda8e08]" started-at="2026-01-12T23:06:25 IST" name="setUp" finished-at="2026-01-12T23:11:29 IST" duration-ms="304129" status="PASS">
          <reporter-output>
          </reporter-output>
        </test-method> <!-- setUp -->
        <test-method signature="validLoginTest()[pri:0, instance:crm.test.TestData@5bda8e08]" started-at="2026-01-12T23:11:29 IST" name="validLoginTest" finished-at="2026-01-12T23:11:39 IST" duration-ms="9316" status="PASS">
          <reporter-output>
          </reporter-output>
        </test-method> <!-- validLoginTest -->
      </class> <!-- crm.test.TestData -->
    </test> <!-- Default test -->
  </suite> <!-- Default suite -->
</testng-results>
