<?xml version="1.0" encoding="UTF-8"?>
<testng-results ignored="0" total="2" passed="2" failed="0" skipped="0">
  <reporter-output>
  </reporter-output>
  <suite started-at="2026-01-31T21:51:15 IST" name="Default suite" finished-at="2026-01-31T21:51:24 IST" duration-ms="8725">
    <groups>
    </groups>
    <test started-at="2026-01-31T21:51:15 IST" name="Default test" finished-at="2026-01-31T21:51:24 IST" duration-ms="8725">
      <class name="TestClass.SleekBillTest">
        <test-method is-config="true" signature="startReport()[pri:0, instance:TestClass.SleekBillTest@65e98b1c]" started-at="2026-01-31T21:51:15 IST" name="startReport" finished-at="2026-01-31T21:51:15 IST" duration-ms="264" status="PASS">
          <reporter-output>
          </reporter-output>
        </test-method> <!-- startReport -->
        <test-method is-config="true" signature="Setup()[pri:0, instance:TestClass.SleekBillTest@65e98b1c]" started-at="2026-01-31T21:51:15 IST" name="Setup" finished-at="2026-01-31T21:51:20 IST" duration-ms="4528" status="PASS">
          <reporter-output>
          </reporter-output>
        </test-method> <!-- Setup -->
        <test-method signature="LogTest()[pri:0, instance:TestClass.SleekBillTest@65e98b1c]" started-at="2026-01-31T21:51:20 IST" name="LogTest" finished-at="2026-01-31T21:51:20 IST" duration-ms="560" status="PASS">
          <reporter-output>
          </reporter-output>
        </test-method> <!-- LogTest -->
        <test-method is-config="true" signature="takescreenshot()[pri:0, instance:TestClass.SleekBillTest@65e98b1c]" started-at="2026-01-31T21:51:20 IST" name="takescreenshot" finished-at="2026-01-31T21:51:20 IST" duration-ms="177" status="PASS">
          <reporter-output>
          </reporter-output>
        </test-method> <!-- takescreenshot -->
        <test-method signature="ClientTest()[pri:0, instance:TestClass.SleekBillTest@65e98b1c]" started-at="2026-01-31T21:51:20 IST" name="ClientTest" finished-at="2026-01-31T21:51:24 IST" depends-on-methods="TestClass.SleekBillTest.LogTest" duration-ms="3230" status="PASS">
          <reporter-output>
          </reporter-output>
        </test-method> <!-- ClientTest -->
        <test-method is-config="true" signature="takescreenshot()[pri:0, instance:TestClass.SleekBillTest@65e98b1c]" started-at="2026-01-31T21:51:24 IST" name="takescreenshot" finished-at="2026-01-31T21:51:24 IST" duration-ms="158" status="PASS">
          <reporter-output>
          </reporter-output>
        </test-method> <!-- takescreenshot -->
        <test-method is-config="true" signature="endReport()[pri:0, instance:TestClass.SleekBillTest@65e98b1c]" started-at="2026-01-31T21:51:24 IST" name="endReport" finished-at="2026-01-31T21:51:25 IST" duration-ms="748" status="PASS">
          <reporter-output>
          </reporter-output>
        </test-method> <!-- endReport -->
      </class> <!-- TestClass.SleekBillTest -->
    </test> <!-- Default test -->
  </suite> <!-- Default suite -->
</testng-results>
