<?xml version="1.0" encoding="UTF-8"?>
<testng-results ignored="0" total="3" passed="3" failed="0" skipped="0">
  <reporter-output>
  </reporter-output>
  <suite started-at="2026-06-15T20:27:37 IST" name="Default suite" finished-at="2026-06-15T20:27:51 IST" duration-ms="13358">
    <groups>
    </groups>
    <test started-at="2026-06-15T20:27:37 IST" name="Default test" finished-at="2026-06-15T20:27:51 IST" duration-ms="13358">
      <class name="TestClass.LoginPageTest">
        <test-method is-config="true" signature="setupReport()[pri:0, instance:TestClass.LoginPageTest@24269709]" started-at="2026-06-15T20:27:37 IST" name="setupReport" finished-at="2026-06-15T20:27:37 IST" duration-ms="16" status="PASS">
          <reporter-output>
          </reporter-output>
        </test-method> <!-- setupReport -->
        <test-method is-config="true" signature="setup()[pri:0, instance:TestClass.LoginPageTest@24269709]" started-at="2026-06-15T20:27:37 IST" name="setup" finished-at="2026-06-15T20:27:49 IST" duration-ms="11647" status="PASS">
          <reporter-output>
          </reporter-output>
        </test-method> <!-- setup -->
        <test-method signature="loginPageTitleTest()[pri:1, instance:TestClass.LoginPageTest@24269709]" started-at="2026-06-15T20:27:49 IST" name="loginPageTitleTest" finished-at="2026-06-15T20:27:49 IST" duration-ms="36" status="PASS">
          <reporter-output>
          </reporter-output>
        </test-method> <!-- loginPageTitleTest -->
        <test-method is-config="true" signature="takescreenshot()[pri:0, instance:TestClass.LoginPageTest@24269709]" started-at="2026-06-15T20:27:49 IST" name="takescreenshot" finished-at="2026-06-15T20:27:49 IST" duration-ms="183" status="PASS">
          <reporter-output>
          </reporter-output>
        </test-method> <!-- takescreenshot -->
        <test-method signature="sleekBillLogoTest()[pri:2, instance:TestClass.LoginPageTest@24269709]" started-at="2026-06-15T20:27:49 IST" name="sleekBillLogoTest" finished-at="2026-06-15T20:27:49 IST" duration-ms="100" status="PASS">
          <reporter-output>
          </reporter-output>
        </test-method> <!-- sleekBillLogoTest -->
        <test-method is-config="true" signature="takescreenshot()[pri:0, instance:TestClass.LoginPageTest@24269709]" started-at="2026-06-15T20:27:49 IST" name="takescreenshot" finished-at="2026-06-15T20:27:50 IST" duration-ms="182" status="PASS">
          <reporter-output>
          </reporter-output>
        </test-method> <!-- takescreenshot -->
        <test-method signature="loginTest()[pri:3, instance:TestClass.LoginPageTest@24269709]" started-at="2026-06-15T20:27:50 IST" name="loginTest" finished-at="2026-06-15T20:27:50 IST" duration-ms="571" status="PASS">
          <reporter-output>
          </reporter-output>
        </test-method> <!-- loginTest -->
        <test-method is-config="true" signature="takescreenshot()[pri:0, instance:TestClass.LoginPageTest@24269709]" started-at="2026-06-15T20:27:50 IST" name="takescreenshot" finished-at="2026-06-15T20:27:50 IST" duration-ms="152" status="PASS">
          <reporter-output>
          </reporter-output>
        </test-method> <!-- takescreenshot -->
        <test-method is-config="true" signature="tearDown()[pri:0, instance:TestClass.LoginPageTest@24269709]" started-at="2026-06-15T20:27:50 IST" name="tearDown" finished-at="2026-06-15T20:27:51 IST" duration-ms="408" status="PASS">
          <reporter-output>
          </reporter-output>
        </test-method> <!-- tearDown -->
      </class> <!-- TestClass.LoginPageTest -->
    </test> <!-- Default test -->
  </suite> <!-- Default suite -->
</testng-results>
