<?xml version="1.0" encoding="UTF-8"?>
<testng-results ignored="1" total="3" passed="2" failed="0" skipped="0">
  <reporter-output>
  </reporter-output>
  <suite started-at="2026-02-17T18:18:48 IST" name="Default suite" finished-at="2026-02-17T18:18:58 IST" duration-ms="10278">
    <groups>
    </groups>
    <test started-at="2026-02-17T18:18:48 IST" name="Default test" finished-at="2026-02-17T18:18:58 IST" duration-ms="10278">
      <class name="TestClass.SleekBillTest">
        <test-method is-config="true" signature="startReport()[pri:0, instance:TestClass.SleekBillTest@1ff4931d]" started-at="2026-02-17T18:18:47 IST" name="startReport" finished-at="2026-02-17T18:18:48 IST" duration-ms="314" status="PASS">
          <reporter-output>
          </reporter-output>
        </test-method> <!-- startReport -->
        <test-method is-config="true" signature="Setup()[pri:0, instance:TestClass.SleekBillTest@1ff4931d]" started-at="2026-02-17T18:18:48 IST" name="Setup" finished-at="2026-02-17T18:18:53 IST" duration-ms="5516" status="PASS">
          <reporter-output>
          </reporter-output>
        </test-method> <!-- Setup -->
        <test-method signature="LogTest()[pri:0, instance:TestClass.SleekBillTest@1ff4931d]" started-at="2026-02-17T18:18:53 IST" name="LogTest" finished-at="2026-02-17T18:18:54 IST" duration-ms="494" status="PASS">
          <reporter-output>
          </reporter-output>
        </test-method> <!-- LogTest -->
        <test-method is-config="true" signature="takescreenshot()[pri:0, instance:TestClass.SleekBillTest@1ff4931d]" started-at="2026-02-17T18:18:54 IST" name="takescreenshot" finished-at="2026-02-17T18:18:54 IST" duration-ms="265" status="PASS">
          <reporter-output>
          </reporter-output>
        </test-method> <!-- takescreenshot -->
        <test-method signature="ProductTest()[pri:0, instance:TestClass.SleekBillTest@1ff4931d]" started-at="2026-02-17T18:18:54 IST" name="ProductTest" finished-at="2026-02-17T18:18:58 IST" duration-ms="3700" status="PASS">
          <reporter-output>
          </reporter-output>
        </test-method> <!-- ProductTest -->
        <test-method is-config="true" signature="takescreenshot()[pri:0, instance:TestClass.SleekBillTest@1ff4931d]" started-at="2026-02-17T18:18:58 IST" name="takescreenshot" finished-at="2026-02-17T18:18:58 IST" duration-ms="231" status="PASS">
          <reporter-output>
          </reporter-output>
        </test-method> <!-- takescreenshot -->
        <test-method is-config="true" signature="endReport()[pri:0, instance:TestClass.SleekBillTest@1ff4931d]" started-at="2026-02-17T18:18:58 IST" name="endReport" finished-at="2026-02-17T18:18:59 IST" duration-ms="851" status="PASS">
          <reporter-output>
          </reporter-output>
        </test-method> <!-- endReport -->
      </class> <!-- TestClass.SleekBillTest -->
    </test> <!-- Default test -->
  </suite> <!-- Default suite -->
</testng-results>
