<?xml version="1.0" encoding="UTF-8"?>
<!-- Generated by org.testng.reporters.JUnitReportReporter -->
<testsuite hostname="DESKTOP-3UBMRI7" failures="0" tests="4" name="TestClass.ClientsPageTest" time="0.889" errors="0" timestamp="2026-06-07T20:49:22 IST" skipped="1">
  <testcase classname="TestClass.ClientsPageTest" name="verifyClientsPageTitle" time="0.228"/>
  <testcase classname="TestClass.ClientsPageTest" name="verifyFilterText" time="0.234"/>
  <testcase classname="TestClass.ClientsPageTest" name="clickOnNewClientButtonTest" time="0.427"/>
  <testcase classname="TestClass.ClientsPageTest" name="clickOnClientCheckboxTest">
    <skipped/>
  </testcase> <!-- clickOnClientCheckboxTest -->
</testsuite> <!-- TestClass.ClientsPageTest -->
