<?xml version="1.0" encoding="UTF-8"?>
<!-- Generated by org.testng.reporters.JUnitReportReporter -->
<testsuite hostname="DESKTOP-3UBMRI7" failures="0" tests="3" name="TestClass.LoginPageTest" time="1.224" errors="0" timestamp="2026-06-15T20:27:51 IST" skipped="0">
  <testcase classname="TestClass.LoginPageTest" name="loginPageTitleTest" time="0.219"/>
  <testcase classname="TestClass.LoginPageTest" name="sleekBillLogoTest" time="0.252"/>
  <testcase classname="TestClass.LoginPageTest" name="loginTest" time="0.753"/>
</testsuite> <!-- TestClass.LoginPageTest -->
