<?xml version="1.0" encoding="UTF-8"?>
<!-- Generated by org.testng.reporters.JUnitReportReporter -->
<testsuite hostname="DESKTOP-3UBMRI7" failures="0" tests="1" name="com.advantageonlineshop.testcases.TC_Verifymyaccount" time="37.593" errors="0" timestamp="2025-11-02T23:14:35 IST" skipped="0">
  <testcase classname="com.advantageonlineshop.testcases.TC_Verifymyaccount" name="testSearchAndAddProductToCart" time="37.593"/>
</testsuite> <!-- com.advantageonlineshop.testcases.TC_Verifymyaccount -->
