<?xml version="1.0" encoding="UTF-8"?>
<!-- Generated by org.testng.reporters.JUnitReportReporter -->
<testsuite hostname="DESKTOP-3UBMRI7" failures="0" tests="3" name="TestClass.SleekBillTest" time="4.690" errors="0" timestamp="2026-02-17T18:18:59 IST" skipped="1">
  <testcase classname="TestClass.SleekBillTest" name="LogTest" time="0.759"/>
  <testcase classname="TestClass.SleekBillTest" name="ProductTest" time="3.931"/>
  <testcase classname="TestClass.SleekBillTest" name="ClientTest">
    <skipped/>
  </testcase> <!-- ClientTest -->
</testsuite> <!-- TestClass.SleekBillTest -->
